
171120  3:49:48 [Warning] Using unique option prefix myisam-recover instead of myisam-recover-options is deprecated and will be removed in a future release. Please use the full name instead.
171120  3:49:48 [Note] Plugin 'FEDERATED' is disabled.
171120  3:49:48 InnoDB: The InnoDB memory heap is disabled
171120  3:49:48 InnoDB: Mutexes and rw_locks use GCC atomic builtins
171120  3:49:48 InnoDB: Compressed tables use zlib 1.2.8
171120  3:49:48 InnoDB: Using Linux native AIO
171120  3:49:48 InnoDB: Initializing buffer pool, size = 8.0M
171120  3:49:48 InnoDB: Completed initialization of buffer pool
171120  3:49:48 InnoDB: highest supported file format is Barracuda.
171120  3:49:48  InnoDB: Waiting for the background threads to start
171120  3:49:49 InnoDB: 5.5.55 started; log sequence number 1595675
171120  3:49:49 [Note] Server hostname (bind-address): '0.0.0.0'; port: 3306
171120  3:49:49 [Note]   - '0.0.0.0' resolves to '0.0.0.0';
171120  3:49:49 [Note] Server socket created on IP: '0.0.0.0'.
171120  3:49:49 [ERROR] /usr/sbin/mysqld: Table './mysql/user' is marked as crashed and should be repaired
171120  3:49:49 [Warning] Checking table:   './mysql/user'
171120  3:49:49 [ERROR] 1 client is using or hasn't closed the table properly
171120  3:49:49 [Note] Event Scheduler: Loaded 0 events
171120  3:49:49 [Note] /usr/sbin/mysqld: ready for connections.
Version: '5.5.55-0+deb8u1'  socket: '/var/run/mysqld/mysqld.sock'  port: 3306  (Debian)
